<?xml version="1.0" encoding="UTF-8"?>
<testng-results ignored="0" total="1" passed="1" failed="0" skipped="0">
  <reporter-output>
  </reporter-output>
  <suite started-at="2022-03-26T13:35:20 IST" name="Suite1" finished-at="2022-03-26T13:35:40 IST" duration-ms="20419">
    <groups>
    </groups>
    <test started-at="2022-03-26T13:35:20 IST" name="Test" finished-at="2022-03-26T13:35:40 IST" duration-ms="20419">
      <class name="SeleniumTestNGDemo">
        <test-method signature="sampleTestMethod()[pri:0, instance:SeleniumTestNGDemo@77ab22be]" started-at="2022-03-26T13:35:20 IST" name="sampleTestMethod" finished-at="2022-03-26T13:35:40 IST" duration-ms="20184" status="PASS">
          <reporter-output>
          </reporter-output>
        </test-method> <!-- sampleTestMethod -->
      </class> <!-- SeleniumTestNGDemo -->
    </test> <!-- Test -->
  </suite> <!-- Suite1 -->
</testng-results>
